<?xml version="1.0" encoding="UTF-8"?>
<!-- Generated by org.testng.reporters.JUnitXMLReporter -->
<testsuite hostname="DESKTOP-0QCH4M5" name="Test" tests="4" failures="0" timestamp="23 Apr 2019 06:18:04 GMT" time="82.751" errors="0">
  <testcase name="signinSubscription" time="11.058" classname="org.testing.testscripts.TC2"/>
  <testcase name="videoplayLike" time="15.182" classname="org.testing.testscripts.TC3"/>
  <testcase name="signinTrending" time="14.999" classname="org.testing.testscripts.TC1"/>
  <testcase name="videoplaySubscribe" time="9.856" classname="org.testing.testscripts.TC4"/>
</testsuite> <!-- Test -->
