<?xml version="1.0" encoding="UTF-8"?>
<testng-results skipped="0" failed="0" total="1" passed="1">
  <reporter-output>
  </reporter-output>
  <suite name="Default suite" duration-ms="23645" started-at="2019-05-27T10:00:16Z" finished-at="2019-05-27T10:00:40Z">
    <groups>
    </groups>
    <test name="Default test" duration-ms="23645" started-at="2019-05-27T10:00:16Z" finished-at="2019-05-27T10:00:40Z">
      <class name="org.testing.testscripts.TC1">
        <test-method status="PASS" signature="browserlaunch()[pri:0, instance:org.testing.testscripts.TC1@56f4468b]" name="browserlaunch" is-config="true" duration-ms="5889" started-at="2019-05-27T15:30:16Z" finished-at="2019-05-27T15:30:22Z">
          <reporter-output>
          </reporter-output>
        </test-method> <!-- browserlaunch -->
        <test-method status="PASS" signature="signinTrending()[pri:0, instance:org.testing.testscripts.TC1@56f4468b]" name="signinTrending" duration-ms="15431" started-at="2019-05-27T15:30:22Z" finished-at="2019-05-27T15:30:37Z">
          <reporter-output>
          </reporter-output>
        </test-method> <!-- signinTrending -->
        <test-method status="PASS" signature="close()[pri:0, instance:org.testing.testscripts.TC1@56f4468b]" name="close" is-config="true" duration-ms="2313" started-at="2019-05-27T15:30:37Z" finished-at="2019-05-27T15:30:40Z">
          <reporter-output>
          </reporter-output>
        </test-method> <!-- close -->
      </class> <!-- org.testing.testscripts.TC1 -->
    </test> <!-- Default test -->
  </suite> <!-- Default suite -->
</testng-results>
