<?xml version="1.0" encoding="UTF-8"?>
<testng-results skipped="0" failed="0" total="2" passed="2">
  <reporter-output>
  </reporter-output>
  <suite name="Suite1" duration-ms="41974" started-at="2019-06-10T07:42:38Z" finished-at="2019-06-10T07:43:20Z">
    <groups>
    </groups>
    <test name="Command line test af08a707-78f9-4e22-b13c-83d8e8df8435" duration-ms="41974" started-at="2019-06-10T07:42:38Z" finished-at="2019-06-10T07:43:20Z">
      <class name="org.testing.testscripts.TC2">
        <test-method status="PASS" signature="browserlaunch()[pri:0, instance:org.testing.testscripts.TC2@d041cf]" name="browserlaunch" is-config="true" duration-ms="5279" started-at="2019-06-10T13:13:02Z" finished-at="2019-06-10T13:13:07Z">
          <reporter-output>
          </reporter-output>
        </test-method> <!-- browserlaunch -->
        <test-method status="PASS" signature="signinSubscription()[pri:0, instance:org.testing.testscripts.TC2@d041cf]" name="signinSubscription" duration-ms="10912" started-at="2019-06-10T13:13:07Z" finished-at="2019-06-10T13:13:18Z">
          <reporter-output>
          </reporter-output>
        </test-method> <!-- signinSubscription -->
        <test-method status="PASS" signature="close()[pri:0, instance:org.testing.testscripts.TC2@d041cf]" name="close" is-config="true" duration-ms="2320" started-at="2019-06-10T13:13:18Z" finished-at="2019-06-10T13:13:20Z">
          <reporter-output>
          </reporter-output>
        </test-method> <!-- close -->
      </class> <!-- org.testing.testscripts.TC2 -->
      <class name="org.testing.testscripts.TC1">
        <test-method status="PASS" signature="browserlaunch()[pri:0, instance:org.testing.testscripts.TC1@58ceff1]" name="browserlaunch" is-config="true" duration-ms="6046" started-at="2019-06-10T13:12:38Z" finished-at="2019-06-10T13:12:44Z">
          <reporter-output>
          </reporter-output>
        </test-method> <!-- browserlaunch -->
        <test-method status="PASS" signature="signinTrending()[pri:0, instance:org.testing.testscripts.TC1@58ceff1]" name="signinTrending" duration-ms="15091" started-at="2019-06-10T13:12:44Z" finished-at="2019-06-10T13:12:59Z">
          <reporter-output>
          </reporter-output>
        </test-method> <!-- signinTrending -->
        <test-method status="PASS" signature="close()[pri:0, instance:org.testing.testscripts.TC1@58ceff1]" name="close" is-config="true" duration-ms="2317" started-at="2019-06-10T13:12:59Z" finished-at="2019-06-10T13:13:02Z">
          <reporter-output>
          </reporter-output>
        </test-method> <!-- close -->
      </class> <!-- org.testing.testscripts.TC1 -->
    </test> <!-- Command line test af08a707-78f9-4e22-b13c-83d8e8df8435 -->
  </suite> <!-- Suite1 -->
</testng-results>
